<?xml version="1.0" encoding="UTF-8"?>
<!-- Generated by org.testng.reporters.JUnitXMLReporter -->
<testsuite hostname="LAPTOP-KRC4FANK" ignored="0" name="Test(failed)" tests="2" failures="2" timestamp="11 Aug 2018 13:28:44 GMT" time="36.386" errors="0">
  <testcase name="testFacebookLink" time="13.741" classname="testScript.Test2">
    <failure type="java.lang.AssertionError" message="expected [Facebook – log in or sign up1] but found [Facebook – log in or sign up]">
      <![CDATA[java.lang.AssertionError: expected [Facebook – log in or sign up1] but found [Facebook – log in or sign up]
at testScript.Test2.testFacebookLink(Test2.java:21)
... Removed 31 stack frames]]>
    </failure>
  </testcase> <!-- testFacebookLink -->
  <testcase name="testTwitterLink" time="13.36" classname="testScript.Test3">
    <failure type="java.lang.AssertionError" message="expected [Twitter. It&amp;apos;s what&amp;apos;s happening2.] but found [Twitter. It&amp;apos;s what&amp;apos;s happening.]">
      <![CDATA[java.lang.AssertionError: expected [Twitter. It's what's happening2.] but found [Twitter. It's what's happening.]
at testScript.Test3.testTwitterLink(Test3.java:21)
... Removed 31 stack frames]]>
    </failure>
  </testcase> <!-- testTwitterLink -->
</testsuite> <!-- Test(failed) -->
