<?xml version="1.0" encoding="UTF-8"?>
<!-- Generated by org.testng.reporters.JUnitXMLReporter -->
<testsuite hostname="LAPTOP-KRC4FANK" ignored="0" name="Test" tests="4" failures="2" timestamp="11 Aug 2018 13:23:10 GMT" time="47.769" errors="0">
  <testcase name="testGoogleLink" time="4.237" classname="testScript.Test1"/>
  <testcase name="testFacebookLink" time="10.768" classname="testScript.Test2">
    <failure type="java.lang.AssertionError" message="expected [Facebook – log in or sign up1] but found [Facebook – log in or sign up]">
      <![CDATA[java.lang.AssertionError: expected [Facebook – log in or sign up1] but found [Facebook – log in or sign up]
at testScript.Test2.testFacebookLink(Test2.java:21)
... Removed 31 stack frames]]>
    </failure>
  </testcase> <!-- testFacebookLink -->
  <testcase name="testTwitterLink" time="4.451" classname="testScript.Test3">
    <failure type="java.lang.AssertionError" message="expected [Twitter. It&amp;apos;s what&amp;apos;s happening2.] but found [Twitter. It&amp;apos;s what&amp;apos;s happening.]">
      <![CDATA[java.lang.AssertionError: expected [Twitter. It's what's happening2.] but found [Twitter. It's what's happening.]
at testScript.Test3.testTwitterLink(Test3.java:21)
... Removed 31 stack frames]]>
    </failure>
  </testcase> <!-- testTwitterLink -->
  <testcase name="testInstaLink" time="9.278" classname="testScript.Test4"/>
</testsuite> <!-- Test -->
